\BOOKMARK [1][-]{section.1}{Introduction}{}% 1
\BOOKMARK [1][-]{section.2}{Miscellaneous}{}% 2
\BOOKMARK [2][-]{subsection.2.1}{Commenting}{section.2}% 3
\BOOKMARK [2][-]{subsection.2.2}{Documentation\040comment}{section.2}% 4
\BOOKMARK [2][-]{subsection.2.3}{Tokens}{section.2}% 5
\BOOKMARK [2][-]{subsection.2.4}{Variable\040assignment/declaration}{section.2}% 6
\BOOKMARK [2][-]{subsection.2.5}{Grouping}{section.2}% 7
\BOOKMARK [2][-]{subsection.2.6}{Comparisons}{section.2}% 8
\BOOKMARK [1][-]{section.3}{Functions}{}% 9
\BOOKMARK [2][-]{subsection.3.1}{Function\040calls}{section.3}% 10
\BOOKMARK [2][-]{subsection.3.2}{Function\040definitions}{section.3}% 11
\BOOKMARK [2][-]{subsection.3.3}{Composition}{section.3}% 12
\BOOKMARK [1][-]{section.4}{Control\040Flow}{}% 13
\BOOKMARK [2][-]{subsection.4.1}{Sequencing}{section.4}% 14
\BOOKMARK [2][-]{subsection.4.2}{If … then …}{section.4}% 15
\BOOKMARK [2][-]{subsection.4.3}{Pattern\040matching}{section.4}% 16
\BOOKMARK [2][-]{subsection.4.4}{Looping}{section.4}% 17
\BOOKMARK [1][-]{section.5}{Types}{}% 18
\BOOKMARK [1][-]{section.6}{Classes\040/\040Traits}{}% 19
\BOOKMARK [1][-]{section.7}{Modules}{}% 20
